<?xml version="1.0" encoding="utf-8"?><testsuites name="pytest tests"><testsuite name="pytest" errors="0" failures="0" skipped="0" tests="28" time="4.185" timestamp="2026-01-09T18:03:20.920738+00:00" hostname="agent-env-2ea557e6-a2ab-46d4-b00c-7e6c7c3f77d0"><testcase classname="tests.test_export_documents.TestAuth" name="test_admin_login" time="0.323" /><testcase classname="tests.test_export_documents.TestAuth" name="test_staff_login" time="0.278" /><testcase classname="tests.test_export_documents.TestExportPersonelExcel" name="test_export_personel_excel_success" time="0.356" /><testcase classname="tests.test_export_documents.TestExportPersonelExcel" name="test_export_personel_excel_with_kategori_filter" time="0.056" /><testcase classname="tests.test_export_documents.TestExportPersonelExcel" name="test_export_personel_excel_with_status_filter" time="0.057" /><testcase classname="tests.test_export_documents.TestExportPersonelExcel" name="test_export_personel_excel_with_both_filters" time="0.054" /><testcase classname="tests.test_export_documents.TestExportPersonelExcel" name="test_export_personel_excel_unauthorized" time="0.053" /><testcase classname="tests.test_export_documents.TestExportPersonelPDF" name="test_export_personel_pdf_success" time="0.358" /><testcase classname="tests.test_export_documents.TestExportPersonelPDF" name="test_export_personel_pdf_with_kategori_filter" time="0.068" /><testcase classname="tests.test_export_documents.TestExportPersonelPDF" name="test_export_personel_pdf_with_status_filter" time="0.065" /><testcase classname="tests.test_export_documents.TestExportPersonelPDF" name="test_export_personel_pdf_unauthorized" time="0.047" /><testcase classname="tests.test_export_documents.TestExportStatistikExcel" name="test_export_statistik_excel_success" time="0.330" /><testcase classname="tests.test_export_documents.TestExportStatistikExcel" name="test_export_statistik_excel_unauthorized" time="0.043" /><testcase classname="tests.test_export_documents.TestDocumentEndpoints" name="test_get_documents_empty" time="0.317" /><testcase classname="tests.test_export_documents.TestDocumentEndpoints" name="test_upload_document_success" time="0.061" /><testcase classname="tests.test_export_documents.TestDocumentEndpoints" name="test_upload_document_invalid_extension" time="0.047" /><testcase classname="tests.test_export_documents.TestDocumentEndpoints" name="test_upload_document_missing_jenis" time="0.045" /><testcase classname="tests.test_export_documents.TestDocumentEndpoints" name="test_get_documents_after_upload" time="0.086" /><testcase classname="tests.test_export_documents.TestDocumentEndpoints" name="test_download_document" time="0.083" /><testcase classname="tests.test_export_documents.TestDocumentEndpoints" name="test_download_nonexistent_document" time="0.039" /><testcase classname="tests.test_export_documents.TestDocumentEndpoints" name="test_delete_document" time="0.134" /><testcase classname="tests.test_export_documents.TestDocumentEndpoints" name="test_delete_nonexistent_document" time="0.039" /><testcase classname="tests.test_export_documents.TestDocumentEndpoints" name="test_upload_document_invalid_nrp" time="0.039" /><testcase classname="tests.test_export_documents.TestRoleBasedAccess" name="test_leader_can_export_excel" time="0.306" /><testcase classname="tests.test_export_documents.TestRoleBasedAccess" name="test_leader_can_export_pdf" time="0.055" /><testcase classname="tests.test_export_documents.TestRoleBasedAccess" name="test_verifier_cannot_export" time="0.303" /><testcase classname="tests.test_export_documents.TestRoleBasedAccess" name="test_personnel_cannot_upload_documents" time="0.343" /><testcase classname="tests.test_export_documents.TestRoleBasedAccess" name="test_personnel_can_view_own_documents" time="0.037" /></testsuite></testsuites>